#
# There is insufficient memory for the Java Runtime Environment to continue.
# Native memory allocation (malloc) failed to allocate 1126416 bytes for Chunk::new
# Possible reasons:
#   The system is out of physical RAM or swap space
#   The process is running with CompressedOops enabled, and the Java Heap may be blocking the growth of the native heap
# Possible solutions:
#   Reduce memory load on the system
#   Increase physical memory or swap space
#   Check if swap backing store is full
#   Decrease Java heap size (-Xmx/-Xms)
#   Decrease number of Java threads
#   Decrease Java thread stack sizes (-Xss)
#   Set larger code cache with -XX:ReservedCodeCacheSize=
#   JVM is running with Zero Based Compressed Oops mode in which the Java heap is
#     placed in the first 32GB address space. The Java Heap base address is the
#     maximum limit for the native heap growth. Please use -XX:HeapBaseMinAddress
#     to set the Java Heap base and to place the Java Heap above 32GB virtual address.
# This output file may be truncated or incomplete.
#
#  Out of Memory Error (arena.cpp:189), pid=13268, tid=9820
#
# JRE version: OpenJDK Runtime Environment Temurin-17.0.6+10 (17.0.6+10) (build 17.0.6+10)
# Java VM: OpenJDK 64-Bit Server VM Temurin-17.0.6+10 (17.0.6+10, mixed mode, tiered, compressed oops, compressed class ptrs, g1 gc, windows-amd64)
# No core dump will be written. Minidumps are not enabled by default on client versions of Windows
#

---------------  S U M M A R Y ------------

Command Line: -Dfile.encoding=UTF-8 -XX:+ShowCodeDetailsInExceptionMessages com.movieBooking.user.MovieBookingApplication

Host: Intel(R) Core(TM) i7-9750H CPU @ 2.60GHz, 12 cores, 15G,  Windows 11 , 64 bit Build 22621 (10.0.22621.1928)
Time: Tue Jul 11 12:46:54 2023 India Standard Time elapsed time: 7729.338443 seconds (0d 2h 8m 49s)

---------------  T H R E A D  ---------------

Current thread (0x0000019cb5cac050):  JavaThread "C2 CompilerThread0" daemon [_thread_in_native, id=9820, stack(0x0000001aeb300000,0x0000001aeb400000)]


Current CompileTask:
C2:7729338 10788       4       com.mongodb.internal.connection.CommandMessage::encodeMessageBodyWithMetadata (268 bytes)

Stack: [0x0000001aeb300000,0x0000001aeb400000]
Native frames: (J=compiled Java code, j=interpreted, Vv=VM code, C=native code)
V  [jvm.dll+0x67741a]
V  [jvm.dll+0x834434]
V  [jvm.dll+0x835bde]
V  [jvm.dll+0x836243]
V  [jvm.dll+0x2457b5]
V  [jvm.dll+0xabafc]
V  [jvm.dll+0xac0cc]
V  [jvm.dll+0x363492]
V  [jvm.dll+0x32dda1]
V  [jvm.dll+0x32d24a]
V  [jvm.dll+0x2185f1]
V  [jvm.dll+0x217a11]
V  [jvm.dll+0x1a3d0d]
V  [jvm.dll+0x22742a]
V  [jvm.dll+0x225565]
V  [jvm.dll+0x7ea2cb]
V  [jvm.dll+0x7e483a]
V  [jvm.dll+0x6762c5]
C  [ucrtbase.dll+0x29363]
C  [KERNEL32.DLL+0x126ad]
C  [ntdll.dll+0x5aa68]


---------------  P R O C E S S  ---------------

Threads class SMR info:
_java_thread_list=0x0000019cb65c5320, length=35, elements={
0x0000019cb514e720, 0x0000019cb5c76420, 0x0000019cb5c60490, 0x0000019cb5c60f50,
0x0000019cb5c61e20, 0x0000019cb5c626e0, 0x0000019cb5cac050, 0x0000019cb5caca00,
0x0000019cb5caf310, 0x0000019cb5e38b50, 0x0000019cb5e47920, 0x0000019cb6698f80,
0x0000019cb6697770, 0x0000019cb66972a0, 0x0000019cb6763e00, 0x0000019cb9830340,
0x0000019cb982fe70, 0x0000019cb98329c0, 0x0000019cb9833360, 0x0000019cb9832020,
0x0000019cb982eb30, 0x0000019cb98311b0, 0x0000019cb9833d00, 0x0000019cb9831680,
0x0000019cb982e660, 0x0000019cb982d320, 0x0000019cb982c980, 0x0000019cb9833830,
0x0000019cb9830810, 0x0000019cb982d7f0, 0x0000019cb982f9a0, 0x0000019cb982f000,
0x0000019cb6699450, 0x0000019cb6699df0, 0x0000019cb6697c40
}

Java Threads: ( => current thread )
  0x0000019cb514e720 JavaThread "Reference Handler" daemon [_thread_blocked, id=10208, stack(0x0000001aead00000,0x0000001aeae00000)]
  0x0000019cb5c76420 JavaThread "Finalizer" daemon [_thread_blocked, id=5220, stack(0x0000001aeae00000,0x0000001aeaf00000)]
  0x0000019cb5c60490 JavaThread "Signal Dispatcher" daemon [_thread_blocked, id=4248, stack(0x0000001aeaf00000,0x0000001aeb000000)]
  0x0000019cb5c60f50 JavaThread "Attach Listener" daemon [_thread_blocked, id=5712, stack(0x0000001aeb000000,0x0000001aeb100000)]
  0x0000019cb5c61e20 JavaThread "Service Thread" daemon [_thread_blocked, id=16232, stack(0x0000001aeb100000,0x0000001aeb200000)]
  0x0000019cb5c626e0 JavaThread "Monitor Deflation Thread" daemon [_thread_blocked, id=5100, stack(0x0000001aeb200000,0x0000001aeb300000)]
=>0x0000019cb5cac050 JavaThread "C2 CompilerThread0" daemon [_thread_in_native, id=9820, stack(0x0000001aeb300000,0x0000001aeb400000)]
  0x0000019cb5caca00 JavaThread "C1 CompilerThread0" daemon [_thread_blocked, id=16632, stack(0x0000001aeb400000,0x0000001aeb500000)]
  0x0000019cb5caf310 JavaThread "Sweeper thread" daemon [_thread_blocked, id=11048, stack(0x0000001aeb500000,0x0000001aeb600000)]
  0x0000019cb5e38b50 JavaThread "Notification Thread" daemon [_thread_blocked, id=10460, stack(0x0000001aeb600000,0x0000001aeb700000)]
  0x0000019cb5e47920 JavaThread "Common-Cleaner" daemon [_thread_blocked, id=17988, stack(0x0000001aeb800000,0x0000001aeb900000)]
  0x0000019cb6698f80 JavaThread "BufferPoolPruner-1-thread-1" daemon [_thread_blocked, id=4320, stack(0x0000001aec000000,0x0000001aec100000)]
  0x0000019cb6697770 JavaThread "Live Reload Server" daemon [_thread_in_native, id=1736, stack(0x0000001aed000000,0x0000001aed100000)]
  0x0000019cb66972a0 JavaThread "boundedElastic-evictor-1" daemon [_thread_blocked, id=14120, stack(0x0000001aecf00000,0x0000001aed000000)]
  0x0000019cb6763e00 JavaThread "DestroyJavaVM" [_thread_blocked, id=12928, stack(0x0000001aea600000,0x0000001aea700000)]
  0x0000019cb9830340 JavaThread "Thread-19" daemon [_thread_in_native, id=4804, stack(0x0000001aee700000,0x0000001aee800000)]
  0x0000019cb982fe70 JavaThread "Catalina-utility-1" [_thread_blocked, id=20948, stack(0x0000001aeba00000,0x0000001aebb00000)]
  0x0000019cb98329c0 JavaThread "Catalina-utility-2" [_thread_blocked, id=18408, stack(0x0000001aec200000,0x0000001aec300000)]
  0x0000019cb9833360 JavaThread "container-0" [_thread_blocked, id=20256, stack(0x0000001aec800000,0x0000001aec900000)]
  0x0000019cb9832020 JavaThread "cluster-ClusterId{value='64ad0056a660df175680734a', description='null'}-localhost:27017" daemon [_thread_in_native, id=18568, stack(0x0000001aec900000,0x0000001aeca00000)]
  0x0000019cb982eb30 JavaThread "cluster-rtt-ClusterId{value='64ad0056a660df175680734a', description='null'}-localhost:27017" daemon [_thread_blocked, id=4628, stack(0x0000001aeca00000,0x0000001aecb00000)]
  0x0000019cb98311b0 JavaThread "MaintenanceTimer-5-thread-1" daemon [_thread_blocked, id=22080, stack(0x0000001aecb00000,0x0000001aecc00000)]
  0x0000019cb9833d00 JavaThread "File Watcher" daemon [_thread_blocked, id=21516, stack(0x0000001aecd00000,0x0000001aece00000)]
  0x0000019cb9831680 JavaThread "http-nio-8081-exec-1" daemon [_thread_blocked, id=22512, stack(0x0000001aece00000,0x0000001aecf00000)]
  0x0000019cb982e660 JavaThread "http-nio-8081-exec-2" daemon [_thread_blocked, id=10472, stack(0x0000001aed100000,0x0000001aed200000)]
  0x0000019cb982d320 JavaThread "http-nio-8081-exec-3" daemon [_thread_blocked, id=6068, stack(0x0000001aed200000,0x0000001aed300000)]
  0x0000019cb982c980 JavaThread "http-nio-8081-exec-4" daemon [_thread_blocked, id=20644, stack(0x0000001aed300000,0x0000001aed400000)]
  0x0000019cb9833830 JavaThread "http-nio-8081-exec-5" daemon [_thread_blocked, id=20620, stack(0x0000001aed400000,0x0000001aed500000)]
  0x0000019cb9830810 JavaThread "http-nio-8081-exec-6" daemon [_thread_blocked, id=3100, stack(0x0000001aed500000,0x0000001aed600000)]
  0x0000019cb982d7f0 JavaThread "http-nio-8081-exec-7" daemon [_thread_blocked, id=5592, stack(0x0000001aed600000,0x0000001aed700000)]
  0x0000019cb982f9a0 JavaThread "http-nio-8081-exec-8" daemon [_thread_blocked, id=21232, stack(0x0000001aed700000,0x0000001aed800000)]
  0x0000019cb982f000 JavaThread "http-nio-8081-exec-9" daemon [_thread_blocked, id=20112, stack(0x0000001aed800000,0x0000001aed900000)]
  0x0000019cb6699450 JavaThread "http-nio-8081-exec-10" daemon [_thread_blocked, id=1472, stack(0x0000001aed900000,0x0000001aeda00000)]
  0x0000019cb6699df0 JavaThread "http-nio-8081-Poller" daemon [_thread_in_native, id=12412, stack(0x0000001aeda00000,0x0000001aedb00000)]
  0x0000019cb6697c40 JavaThread "http-nio-8081-Acceptor" daemon [_thread_in_native, id=22480, stack(0x0000001aedb00000,0x0000001aedc00000)]

Other Threads:
  0x0000019cb514e200 VMThread "VM Thread" [stack: 0x0000001aeac00000,0x0000001aead00000] [id=4840]
  0x0000019c963df8e0 WatcherThread [stack: 0x0000001aeb700000,0x0000001aeb800000] [id=5256]
  0x0000019c963c0b10 GCTaskThread "GC Thread#0" [stack: 0x0000001aea700000,0x0000001aea800000] [id=11860]
  0x0000019cb737c3d0 GCTaskThread "GC Thread#1" [stack: 0x0000001aebb00000,0x0000001aebc00000] [id=11088]
  0x0000019cb7386ce0 GCTaskThread "GC Thread#2" [stack: 0x0000001aebc00000,0x0000001aebd00000] [id=17904]
  0x0000019cb7167900 GCTaskThread "GC Thread#3" [stack: 0x0000001aebd00000,0x0000001aebe00000] [id=14656]
  0x0000019cb7167bb0 GCTaskThread "GC Thread#4" [stack: 0x0000001aebe00000,0x0000001aebf00000] [id=17896]
  0x0000019cb746a040 GCTaskThread "GC Thread#5" [stack: 0x0000001aebf00000,0x0000001aec000000] [id=17900]
  0x0000019cb7501ea0 GCTaskThread "GC Thread#6" [stack: 0x0000001aec100000,0x0000001aec200000] [id=14232]
  0x0000019cb7501690 GCTaskThread "GC Thread#7" [stack: 0x0000001aec300000,0x0000001aec400000] [id=6180]
  0x0000019cb75026b0 GCTaskThread "GC Thread#8" [stack: 0x0000001aec400000,0x0000001aec500000] [id=6520]
  0x0000019cb7502150 GCTaskThread "GC Thread#9" [stack: 0x0000001aec500000,0x0000001aec600000] [id=12496]
  0x0000019c963d27b0 ConcurrentGCThread "G1 Main Marker" [stack: 0x0000001aea800000,0x0000001aea900000] [id=4176]
  0x0000019c963d3960 ConcurrentGCThread "G1 Conc#0" [stack: 0x0000001aea900000,0x0000001aeaa00000] [id=2908]
  0x0000019cb7502400 ConcurrentGCThread "G1 Conc#1" [stack: 0x0000001aec600000,0x0000001aec700000] [id=5924]
  0x0000019cb7502ec0 ConcurrentGCThread "G1 Conc#2" [stack: 0x0000001aec700000,0x0000001aec800000] [id=4360]
  0x0000019cb4ff61b0 ConcurrentGCThread "G1 Refine#0" [stack: 0x0000001aeaa00000,0x0000001aeab00000] [id=3372]
  0x0000019cb4ff7890 ConcurrentGCThread "G1 Service" [stack: 0x0000001aeab00000,0x0000001aeac00000] [id=17632]

Threads with active compile tasks:
C2 CompilerThread0  7729417 10788       4       com.mongodb.internal.connection.CommandMessage::encodeMessageBodyWithMetadata (268 bytes)

VM state: not at safepoint (normal execution)

VM Mutex/Monitor currently owned by a thread: None

Heap address: 0x0000000704800000, size: 4024 MB, Compressed Oops mode: Zero based, Oop shift amount: 3

CDS archive(s) not mapped
Compressed class space mapped at: 0x0000000800000000-0x0000000840000000, reserved size: 1073741824
Narrow klass base: 0x0000000800000000, Narrow klass shift: 0, Narrow klass range: 0x40000000

GC Precious Log:
 CPUs: 12 total, 12 available
 Memory: 16089M
 Large Page Support: Disabled
 NUMA Support: Disabled
 Compressed Oops: Enabled (Zero based)
 Heap Region Size: 2M
 Heap Min Capacity: 8M
 Heap Initial Capacity: 252M
 Heap Max Capacity: 4024M
 Pre-touch: Disabled
 Parallel Workers: 10
 Concurrent Workers: 3
 Concurrent Refinement Workers: 10
 Periodic GC: Disabled

Heap:
 garbage-first heap   total 69632K, used 46906K [0x0000000704800000, 0x0000000800000000)
  region size 2048K, 14 young (28672K), 1 survivors (2048K)
 Metaspace       used 62934K, committed 63424K, reserved 1105920K
  class space    used 7528K, committed 7744K, reserved 1048576K

Heap Regions: E=young(eden), S=young(survivor), O=old, HS=humongous(starts), HC=humongous(continues), CS=collection set, F=free, OA=open archive, CA=closed archive, TAMS=top-at-mark-start (previous, next)
|   0|0x0000000704800000, 0x00000007049ffff8, 0x0000000704a00000| 99%| O|  |TAMS 0x00000007049ffff8, 0x0000000704800000| Untracked 
|   1|0x0000000704a00000, 0x0000000704c00000, 0x0000000704c00000|100%| O|  |TAMS 0x0000000704c00000, 0x0000000704a00000| Untracked 
|   2|0x0000000704c00000, 0x0000000704dffff0, 0x0000000704e00000| 99%| O|  |TAMS 0x0000000704dffff0, 0x0000000704c00000| Untracked 
|   3|0x0000000704e00000, 0x0000000704ffffd8, 0x0000000705000000| 99%| O|  |TAMS 0x0000000704ffffd8, 0x0000000704e00000| Untracked 
|   4|0x0000000705000000, 0x00000007051ffff8, 0x0000000705200000| 99%| O|  |TAMS 0x00000007051ffff8, 0x0000000705000000| Untracked 
|   5|0x0000000705200000, 0x00000007053ffb48, 0x0000000705400000| 99%| O|  |TAMS 0x00000007053ffb48, 0x0000000705200000| Untracked 
|   6|0x0000000705400000, 0x00000007055fffb8, 0x0000000705600000| 99%| O|  |TAMS 0x00000007055fffb8, 0x0000000705400000| Untracked 
|   7|0x0000000705600000, 0x00000007057f3298, 0x0000000705800000| 97%| O|  |TAMS 0x0000000705600000, 0x0000000705600000| Untracked 
|   8|0x0000000705800000, 0x00000007059fffd0, 0x0000000705a00000| 99%| O|  |TAMS 0x0000000705800000, 0x0000000705800000| Untracked 
|   9|0x0000000705a00000, 0x0000000705c00000, 0x0000000705c00000|100%| O|  |TAMS 0x0000000705a00000, 0x0000000705a00000| Untracked 
|  10|0x0000000705c00000, 0x0000000705c3c800, 0x0000000705e00000| 11%| O|  |TAMS 0x0000000705c00000, 0x0000000705c00000| Untracked 
|  11|0x0000000705e00000, 0x0000000705e00000, 0x0000000706000000|  0%| F|  |TAMS 0x0000000705e00000, 0x0000000705e00000| Untracked 
|  12|0x0000000706000000, 0x0000000706000000, 0x0000000706200000|  0%| F|  |TAMS 0x0000000706000000, 0x0000000706000000| Untracked 
|  13|0x0000000706200000, 0x0000000706200000, 0x0000000706400000|  0%| F|  |TAMS 0x0000000706200000, 0x0000000706200000| Untracked 
|  14|0x0000000706400000, 0x0000000706400000, 0x0000000706600000|  0%| F|  |TAMS 0x0000000706400000, 0x0000000706400000| Untracked 
|  15|0x0000000706600000, 0x0000000706600000, 0x0000000706800000|  0%| F|  |TAMS 0x0000000706600000, 0x0000000706600000| Untracked 
|  16|0x0000000706800000, 0x000000070685ba68, 0x0000000706a00000| 17%| O|  |TAMS 0x0000000706800000, 0x0000000706800000| Untracked 
|  17|0x0000000706a00000, 0x0000000706b43c60, 0x0000000706c00000| 63%| S|CS|TAMS 0x0000000706a00000, 0x0000000706a00000| Complete 
|  18|0x0000000706c00000, 0x0000000706c00000, 0x0000000706e00000|  0%| F|  |TAMS 0x0000000706c00000, 0x0000000706c00000| Untracked 
|  19|0x0000000706e00000, 0x0000000706e00000, 0x0000000707000000|  0%| F|  |TAMS 0x0000000706e00000, 0x0000000706e00000| Untracked 
|  20|0x0000000707000000, 0x0000000707000000, 0x0000000707200000|  0%| F|  |TAMS 0x0000000707000000, 0x0000000707000000| Untracked 
|  21|0x0000000707200000, 0x0000000707379878, 0x0000000707400000| 73%| E|  |TAMS 0x0000000707200000, 0x0000000707200000| Complete 
|  22|0x0000000707400000, 0x0000000707600000, 0x0000000707600000|100%| E|CS|TAMS 0x0000000707400000, 0x0000000707400000| Complete 
|  23|0x0000000707600000, 0x0000000707800000, 0x0000000707800000|100%| E|CS|TAMS 0x0000000707600000, 0x0000000707600000| Complete 
|  24|0x0000000707800000, 0x0000000707a00000, 0x0000000707a00000|100%| E|CS|TAMS 0x0000000707800000, 0x0000000707800000| Complete 
|  25|0x0000000707a00000, 0x0000000707c00000, 0x0000000707c00000|100%| E|CS|TAMS 0x0000000707a00000, 0x0000000707a00000| Complete 
|  26|0x0000000707c00000, 0x0000000707e00000, 0x0000000707e00000|100%| E|CS|TAMS 0x0000000707c00000, 0x0000000707c00000| Complete 
|  27|0x0000000707e00000, 0x0000000708000000, 0x0000000708000000|100%| E|CS|TAMS 0x0000000707e00000, 0x0000000707e00000| Complete 
|  28|0x0000000708000000, 0x0000000708200000, 0x0000000708200000|100%| E|CS|TAMS 0x0000000708000000, 0x0000000708000000| Complete 
|  29|0x0000000708200000, 0x0000000708400000, 0x0000000708400000|100%| E|CS|TAMS 0x0000000708200000, 0x0000000708200000| Complete 
|  30|0x0000000708400000, 0x0000000708600000, 0x0000000708600000|100%| E|CS|TAMS 0x0000000708400000, 0x0000000708400000| Complete 
|  31|0x0000000708600000, 0x0000000708800000, 0x0000000708800000|100%| E|CS|TAMS 0x0000000708600000, 0x0000000708600000| Complete 
|  32|0x0000000708800000, 0x0000000708a00000, 0x0000000708a00000|100%| E|CS|TAMS 0x0000000708800000, 0x0000000708800000| Complete 
|  33|0x0000000708a00000, 0x0000000708c00000, 0x0000000708c00000|100%| E|CS|TAMS 0x0000000708a00000, 0x0000000708a00000| Complete 

Card table byte_map: [0x0000019ca9730000,0x0000019ca9f10000] _byte_map_base: 0x0000019ca5f0c000

Marking Bits (Prev, Next): (CMBitMap*) 0x0000019c963c2130, (CMBitMap*) 0x0000019c963c2170
 Prev Bits: [0x0000019caa6f0000, 0x0000019cae5d0000)
 Next Bits: [0x0000019cae5d0000, 0x0000019cb24b0000)

Polling page: 0x0000019c94310000

Metaspace:

Usage:
  Non-class:     54.11 MB used.
      Class:      7.35 MB used.
       Both:     61.46 MB used.

Virtual space:
  Non-class space:       56.00 MB reserved,      54.38 MB ( 97%) committed,  7 nodes.
      Class space:        1.00 GB reserved,       7.56 MB ( <1%) committed,  1 nodes.
             Both:        1.05 GB reserved,      61.94 MB (  6%) committed. 

Chunk freelists:
   Non-Class:  976.00 KB
       Class:  333.00 KB
        Both:  1.28 MB

MaxMetaspaceSize: unlimited
CompressedClassSpaceSize: 1.00 GB
Initial GC threshold: 21.00 MB
Current GC threshold: 101.81 MB
CDS: off
MetaspaceReclaimPolicy: balanced
 - commit_granule_bytes: 65536.
 - commit_granule_words: 8192.
 - virtual_space_node_default_size: 1048576.
 - enlarge_chunks_in_place: 1.
 - new_chunks_are_fully_committed: 0.
 - uncommit_free_chunks: 1.
 - use_allocation_guard: 0.
 - handle_deallocations: 1.


Internal statistics:

num_allocs_failed_limit: 6.
num_arena_births: 928.
num_arena_deaths: 238.
num_vsnodes_births: 8.
num_vsnodes_deaths: 0.
num_space_committed: 991.
num_space_uncommitted: 0.
num_chunks_returned_to_freelist: 282.
num_chunks_taken_from_freelist: 3123.
num_chunk_merges: 92.
num_chunk_splits: 2027.
num_chunks_enlarged: 1478.
num_purges: 6.
num_inconsistent_stats: 0.

CodeHeap 'non-profiled nmethods': size=120000Kb used=7788Kb max_used=7788Kb free=112211Kb
 bounds [0x0000019ca14d0000, 0x0000019ca1c70000, 0x0000019ca8a00000]
CodeHeap 'profiled nmethods': size=120000Kb used=18235Kb max_used=18265Kb free=101764Kb
 bounds [0x0000019c99a00000, 0x0000019c9abf0000, 0x0000019ca0f30000]
CodeHeap 'non-nmethods': size=5760Kb used=1308Kb max_used=1472Kb free=4452Kb
 bounds [0x0000019ca0f30000, 0x0000019ca11a0000, 0x0000019ca14d0000]
 total_blobs=9718 nmethods=9087 adapters=540
 compilation: enabled
              stopped_count=0, restarted_count=0
 full_count=0

Compilation events (20 events):
Event: 7727.797 Thread 0x0000019cb5caca00 nmethod 10778 0x0000019c9a403c10 code [0x0000019c9a403de0, 0x0000019c9a404268]
Event: 7727.797 Thread 0x0000019cb5caca00 10779       3       org.springframework.web.method.support.HandlerMethodArgumentResolverComposite::resolveArgument (45 bytes)
Event: 7727.798 Thread 0x0000019cb5caca00 nmethod 10779 0x0000019c99d9f990 code [0x0000019c99d9fba0, 0x0000019c99da00f8]
Event: 7727.919 Thread 0x0000019cb5cac050 10780       4       com.mongodb.internal.connection.CommandMessage::<init> (85 bytes)
Event: 7727.946 Thread 0x0000019cb5cac050 nmethod 10780 0x0000019ca1c69990 code [0x0000019ca1c69b20, 0x0000019ca1c6a838]
Event: 7727.964 Thread 0x0000019cb5caca00 10781       3       org.springframework.data.convert.CustomConversions::isSimpleType (15 bytes)
Event: 7727.964 Thread 0x0000019cb5caca00 nmethod 10781 0x0000019c9a403410 code [0x0000019c9a4035e0, 0x0000019c9a403938]
Event: 7727.964 Thread 0x0000019cb5caca00 10782       3       org.springframework.util.ObjectUtils::isArray (20 bytes)
Event: 7727.965 Thread 0x0000019cb5caca00 nmethod 10782 0x0000019c99d9f510 code [0x0000019c99d9f6c0, 0x0000019c99d9f8a8]
Event: 7727.969 Thread 0x0000019cb5caca00 10783       3       java.util.IdentityHashMap::<init> (11 bytes)
Event: 7727.969 Thread 0x0000019cb5caca00 nmethod 10783 0x0000019c99d9ef10 code [0x0000019c99d9f0c0, 0x0000019c99d9f3f8]
Event: 7728.148 Thread 0x0000019cb5cac050 10784       4       com.mongodb.internal.connection.MessageSettings::<init> (45 bytes)
Event: 7728.151 Thread 0x0000019cb5cac050 nmethod 10784 0x0000019ca1c6a990 code [0x0000019ca1c6ab00, 0x0000019ca1c6ac98]
Event: 7728.375 Thread 0x0000019cb5caca00 10785       3       java.text.DateFormat::format (19 bytes)
Event: 7728.375 Thread 0x0000019cb5caca00 nmethod 10785 0x0000019c99d9e890 code [0x0000019c99d9ea60, 0x0000019c99d9ed88]
Event: 7728.375 Thread 0x0000019cb5caca00 10786       3       java.util.Calendar::getTimeZone (31 bytes)
Event: 7728.376 Thread 0x0000019cb5caca00 nmethod 10786 0x0000019c99d9df90 code [0x0000019c99d9e180, 0x0000019c99d9e678]
Event: 7728.912 Thread 0x0000019cb5cac050 10787       4       com.mongodb.internal.connection.ClusterClockAdvancingSessionContext::hasSession (10 bytes)
Event: 7728.913 Thread 0x0000019cb5cac050 nmethod 10787 0x0000019ca1c6ad90 code [0x0000019ca1c6af20, 0x0000019ca1c6afd8]
Event: 7729.188 Thread 0x0000019cb5cac050 10788       4       com.mongodb.internal.connection.CommandMessage::encodeMessageBodyWithMetadata (268 bytes)

GC Heap History (20 events):
Event: 7303.675 GC heap before
{Heap before GC invocations=31 (full 1):
 garbage-first heap   total 75776K, used 27616K [0x0000000704800000, 0x0000000800000000)
  region size 2048K, 7 young (14336K), 3 survivors (6144K)
 Metaspace       used 61584K, committed 62144K, reserved 1105920K
  class space    used 7447K, committed 7744K, reserved 1048576K
}
Event: 7303.742 GC heap after
{Heap after GC invocations=32 (full 2):
 garbage-first heap   total 69632K, used 18572K [0x0000000704800000, 0x0000000800000000)
  region size 2048K, 0 young (0K), 0 survivors (0K)
 Metaspace       used 61538K, committed 62144K, reserved 1105920K
  class space    used 7439K, committed 7744K, reserved 1048576K
}
Event: 7304.267 GC heap before
{Heap before GC invocations=32 (full 2):
 garbage-first heap   total 69632K, used 53388K [0x0000000704800000, 0x0000000800000000)
  region size 2048K, 17 young (34816K), 0 survivors (0K)
 Metaspace       used 61939K, committed 62464K, reserved 1105920K
  class space    used 7455K, committed 7744K, reserved 1048576K
}
Event: 7304.270 GC heap after
{Heap after GC invocations=33 (full 2):
 garbage-first heap   total 69632K, used 22139K [0x0000000704800000, 0x0000000800000000)
  region size 2048K, 2 young (4096K), 2 survivors (4096K)
 Metaspace       used 61939K, committed 62464K, reserved 1105920K
  class space    used 7455K, committed 7744K, reserved 1048576K
}
Event: 7328.215 GC heap before
{Heap before GC invocations=33 (full 2):
 garbage-first heap   total 69632K, used 26235K [0x0000000704800000, 0x0000000800000000)
  region size 2048K, 5 young (10240K), 2 survivors (4096K)
 Metaspace       used 61990K, committed 62528K, reserved 1105920K
  class space    used 7455K, committed 7744K, reserved 1048576K
}
Event: 7328.298 GC heap after
{Heap after GC invocations=34 (full 3):
 garbage-first heap   total 69632K, used 18745K [0x0000000704800000, 0x0000000800000000)
  region size 2048K, 0 young (0K), 0 survivors (0K)
 Metaspace       used 61988K, committed 62528K, reserved 1105920K
  class space    used 7455K, committed 7744K, reserved 1048576K
}
Event: 7329.171 GC heap before
{Heap before GC invocations=34 (full 3):
 garbage-first heap   total 69632K, used 51513K [0x0000000704800000, 0x0000000800000000)
  region size 2048K, 16 young (32768K), 0 survivors (0K)
 Metaspace       used 62350K, committed 62912K, reserved 1105920K
  class space    used 7473K, committed 7744K, reserved 1048576K
}
Event: 7329.175 GC heap after
{Heap after GC invocations=35 (full 3):
 garbage-first heap   total 69632K, used 21897K [0x0000000704800000, 0x0000000800000000)
  region size 2048K, 2 young (4096K), 2 survivors (4096K)
 Metaspace       used 62350K, committed 62912K, reserved 1105920K
  class space    used 7473K, committed 7744K, reserved 1048576K
}
Event: 7609.670 GC heap before
{Heap before GC invocations=35 (full 3):
 garbage-first heap   total 69632K, used 50569K [0x0000000704800000, 0x0000000800000000)
  region size 2048K, 16 young (32768K), 2 survivors (4096K)
 Metaspace       used 62755K, committed 63296K, reserved 1105920K
  class space    used 7525K, committed 7744K, reserved 1048576K
}
Event: 7609.681 GC heap after
{Heap after GC invocations=36 (full 3):
 garbage-first heap   total 69632K, used 22532K [0x0000000704800000, 0x0000000800000000)
  region size 2048K, 1 young (2048K), 1 survivors (2048K)
 Metaspace       used 62755K, committed 63296K, reserved 1105920K
  class space    used 7525K, committed 7744K, reserved 1048576K
}
Event: 7628.358 GC heap before
{Heap before GC invocations=36 (full 3):
 garbage-first heap   total 69632K, used 51204K [0x0000000704800000, 0x0000000800000000)
  region size 2048K, 15 young (30720K), 1 survivors (2048K)
 Metaspace       used 62791K, committed 63296K, reserved 1105920K
  class space    used 7526K, committed 7744K, reserved 1048576K
}
Event: 7628.368 GC heap after
{Heap after GC invocations=37 (full 3):
 garbage-first heap   total 69632K, used 22373K [0x0000000704800000, 0x0000000800000000)
  region size 2048K, 1 young (2048K), 1 survivors (2048K)
 Metaspace       used 62791K, committed 63296K, reserved 1105920K
  class space    used 7526K, committed 7744K, reserved 1048576K
}
Event: 7649.786 GC heap before
{Heap before GC invocations=37 (full 3):
 garbage-first heap   total 69632K, used 51045K [0x0000000704800000, 0x0000000800000000)
  region size 2048K, 15 young (30720K), 1 survivors (2048K)
 Metaspace       used 62805K, committed 63296K, reserved 1105920K
  class space    used 7528K, committed 7744K, reserved 1048576K
}
Event: 7649.795 GC heap after
{Heap after GC invocations=38 (full 3):
 garbage-first heap   total 69632K, used 22334K [0x0000000704800000, 0x0000000800000000)
  region size 2048K, 1 young (2048K), 1 survivors (2048K)
 Metaspace       used 62805K, committed 63296K, reserved 1105920K
  class space    used 7528K, committed 7744K, reserved 1048576K
}
Event: 7672.295 GC heap before
{Heap before GC invocations=38 (full 3):
 garbage-first heap   total 69632K, used 53054K [0x0000000704800000, 0x0000000800000000)
  region size 2048K, 16 young (32768K), 1 survivors (2048K)
 Metaspace       used 62817K, committed 63296K, reserved 1105920K
  class space    used 7528K, committed 7744K, reserved 1048576K
}
Event: 7672.300 GC heap after
{Heap after GC invocations=39 (full 3):
 garbage-first heap   total 69632K, used 22286K [0x0000000704800000, 0x0000000800000000)
  region size 2048K, 1 young (2048K), 1 survivors (2048K)
 Metaspace       used 62817K, committed 63296K, reserved 1105920K
  class space    used 7528K, committed 7744K, reserved 1048576K
}
Event: 7692.603 GC heap before
{Heap before GC invocations=39 (full 3):
 garbage-first heap   total 69632K, used 53006K [0x0000000704800000, 0x0000000800000000)
  region size 2048K, 16 young (32768K), 1 survivors (2048K)
 Metaspace       used 62879K, committed 63424K, reserved 1105920K
  class space    used 7528K, committed 7744K, reserved 1048576K
}
Event: 7692.608 GC heap after
{Heap after GC invocations=40 (full 3):
 garbage-first heap   total 69632K, used 22314K [0x0000000704800000, 0x0000000800000000)
  region size 2048K, 1 young (2048K), 1 survivors (2048K)
 Metaspace       used 62879K, committed 63424K, reserved 1105920K
  class space    used 7528K, committed 7744K, reserved 1048576K
}
Event: 7712.454 GC heap before
{Heap before GC invocations=40 (full 3):
 garbage-first heap   total 69632K, used 53034K [0x0000000704800000, 0x0000000800000000)
  region size 2048K, 16 young (32768K), 1 survivors (2048K)
 Metaspace       used 62910K, committed 63424K, reserved 1105920K
  class space    used 7528K, committed 7744K, reserved 1048576K
}
Event: 7712.459 GC heap after
{Heap after GC invocations=41 (full 3):
 garbage-first heap   total 69632K, used 22330K [0x0000000704800000, 0x0000000800000000)
  region size 2048K, 1 young (2048K), 1 survivors (2048K)
 Metaspace       used 62910K, committed 63424K, reserved 1105920K
  class space    used 7528K, committed 7744K, reserved 1048576K
}

Dll operation events (9 events):
Event: 0.021 Loaded shared library C:\Users\sruja\.p2\pool\plugins\org.eclipse.justj.openjdk.hotspot.jre.full.win32.x86_64_17.0.6.v20230204-1729\jre\bin\java.dll
Event: 0.330 Loaded shared library C:\Users\sruja\.p2\pool\plugins\org.eclipse.justj.openjdk.hotspot.jre.full.win32.x86_64_17.0.6.v20230204-1729\jre\bin\net.dll
Event: 0.333 Loaded shared library C:\Users\sruja\.p2\pool\plugins\org.eclipse.justj.openjdk.hotspot.jre.full.win32.x86_64_17.0.6.v20230204-1729\jre\bin\nio.dll
Event: 0.347 Loaded shared library C:\Users\sruja\.p2\pool\plugins\org.eclipse.justj.openjdk.hotspot.jre.full.win32.x86_64_17.0.6.v20230204-1729\jre\bin\zip.dll
Event: 0.705 Loaded shared library C:\Users\sruja\.p2\pool\plugins\org.eclipse.justj.openjdk.hotspot.jre.full.win32.x86_64_17.0.6.v20230204-1729\jre\bin\jimage.dll
Event: 1.609 Loaded shared library C:\Users\sruja\.p2\pool\plugins\org.eclipse.justj.openjdk.hotspot.jre.full.win32.x86_64_17.0.6.v20230204-1729\jre\bin\management.dll
Event: 1.615 Loaded shared library C:\Users\sruja\.p2\pool\plugins\org.eclipse.justj.openjdk.hotspot.jre.full.win32.x86_64_17.0.6.v20230204-1729\jre\bin\management_ext.dll
Event: 12.308 Loaded shared library C:\Users\sruja\.p2\pool\plugins\org.eclipse.justj.openjdk.hotspot.jre.full.win32.x86_64_17.0.6.v20230204-1729\jre\bin\sunmscapi.dll
Event: 41.389 Loaded shared library C:\Users\sruja\.p2\pool\plugins\org.eclipse.justj.openjdk.hotspot.jre.full.win32.x86_64_17.0.6.v20230204-1729\jre\bin\verify.dll

Deoptimization events (20 events):
Event: 7595.721 Thread 0x0000019cb9831680 DEOPT PACKING pc=0x0000019ca19102c4 sp=0x0000001aecefcb70
Event: 7595.721 Thread 0x0000019cb9831680 DEOPT UNPACKING pc=0x0000019ca0f869a3 sp=0x0000001aecefca40 mode 2
Event: 7595.797 Thread 0x0000019cb982e660 Uncommon trap: trap_request=0xffffffde fr.pc=0x0000019ca18edca8 relative=0x0000000000000a68
Event: 7595.797 Thread 0x0000019cb982e660 Uncommon trap: reason=class_check action=maybe_recompile pc=0x0000019ca18edca8 method=org.apache.catalina.core.ApplicationFilterChain.internalDoFilter(Ljakarta/servlet/ServletRequest;Ljakarta/servlet/ServletResponse;)V @ 35 c2
Event: 7595.797 Thread 0x0000019cb982e660 DEOPT PACKING pc=0x0000019ca18edca8 sp=0x0000001aed1fe2b0
Event: 7595.797 Thread 0x0000019cb982e660 DEOPT UNPACKING pc=0x0000019ca0f869a3 sp=0x0000001aed1fe230 mode 2
Event: 7609.681 Thread 0x0000019cb982c980 Uncommon trap: trap_request=0xfffffff4 fr.pc=0x0000019ca190c3c8 relative=0x00000000000000c8
Event: 7609.681 Thread 0x0000019cb982c980 Uncommon trap: reason=null_check action=make_not_entrant pc=0x0000019ca190c3c8 method=org.springframework.util.ConcurrentReferenceHashMap$WeakEntryReference.get()Lorg/springframework/util/ConcurrentReferenceHashMap$Entry; @ 4 c2
Event: 7609.681 Thread 0x0000019cb982c980 DEOPT PACKING pc=0x0000019ca190c3c8 sp=0x0000001aed3fb750
Event: 7609.681 Thread 0x0000019cb982c980 DEOPT UNPACKING pc=0x0000019ca0f869a3 sp=0x0000001aed3fb6f8 mode 2
Event: 7609.681 Thread 0x0000019cb982c980 Uncommon trap: trap_request=0xffffff45 fr.pc=0x0000019ca1687900 relative=0x0000000000000b80
Event: 7609.681 Thread 0x0000019cb982c980 Uncommon trap: reason=unstable_if action=reinterpret pc=0x0000019ca1687900 method=org.springframework.util.ConcurrentReferenceHashMap$Segment.findInChain(Lorg/springframework/util/ConcurrentReferenceHashMap$Reference;Ljava/lang/Object;I)Lorg/springframewo
Event: 7609.682 Thread 0x0000019cb982c980 DEOPT PACKING pc=0x0000019ca1687900 sp=0x0000001aed3fb790
Event: 7609.682 Thread 0x0000019cb982c980 DEOPT UNPACKING pc=0x0000019ca0f869a3 sp=0x0000001aed3fb650 mode 2
Event: 7619.234 Thread 0x0000019cb9830810 DEOPT PACKING pc=0x0000019c9a774d62 sp=0x0000001aed5fe600
Event: 7619.234 Thread 0x0000019cb9830810 DEOPT UNPACKING pc=0x0000019ca0f87143 sp=0x0000001aed5fda20 mode 0
Event: 7625.517 Thread 0x0000019cb9831680 DEOPT PACKING pc=0x0000019c9a5c60a0 sp=0x0000001aecefea60
Event: 7625.517 Thread 0x0000019cb9831680 DEOPT UNPACKING pc=0x0000019ca0f87143 sp=0x0000001aecefde80 mode 0
Event: 7641.086 Thread 0x0000019cb6699450 DEOPT PACKING pc=0x0000019c9a45c7d0 sp=0x0000001aed9fe890
Event: 7641.086 Thread 0x0000019cb6699450 DEOPT UNPACKING pc=0x0000019ca0f87143 sp=0x0000001aed9fdd08 mode 0

Classes unloaded (20 events):
Event: 7052.288 Thread 0x0000019cb514e200 Unloading class 0x00000008000a5400 'java/lang/invoke/LambdaForm$MH+0x00000008000a5400'
Event: 7052.288 Thread 0x0000019cb514e200 Unloading class 0x00000008000a5000 'java/lang/invoke/LambdaForm$MH+0x00000008000a5000'
Event: 7052.288 Thread 0x0000019cb514e200 Unloading class 0x00000008000a4c00 'java/lang/invoke/LambdaForm$MH+0x00000008000a4c00'
Event: 7052.288 Thread 0x0000019cb514e200 Unloading class 0x00000008000a4800 'java/lang/invoke/LambdaForm$MH+0x00000008000a4800'
Event: 7052.288 Thread 0x0000019cb514e200 Unloading class 0x00000008000a4400 'java/lang/invoke/LambdaForm$MH+0x00000008000a4400'
Event: 7303.689 Thread 0x0000019cb514e200 Unloading class 0x000000080079e000 'jdk/internal/reflect/GeneratedMethodAccessor19'
Event: 7303.689 Thread 0x0000019cb514e200 Unloading class 0x000000080079dc00 'jdk/internal/reflect/GeneratedMethodAccessor18'
Event: 7303.689 Thread 0x0000019cb514e200 Unloading class 0x000000080079d800 'jdk/internal/reflect/GeneratedMethodAccessor17'
Event: 7303.689 Thread 0x0000019cb514e200 Unloading class 0x000000080079d400 'jdk/internal/reflect/GeneratedMethodAccessor16'
Event: 7303.689 Thread 0x0000019cb514e200 Unloading class 0x000000080079d000 'jdk/internal/reflect/GeneratedMethodAccessor15'
Event: 7303.689 Thread 0x0000019cb514e200 Unloading class 0x000000080079cc00 'jdk/internal/reflect/GeneratedMethodAccessor14'
Event: 7303.689 Thread 0x0000019cb514e200 Unloading class 0x000000080079c800 'jdk/internal/reflect/GeneratedMethodAccessor13'
Event: 7303.689 Thread 0x0000019cb514e200 Unloading class 0x00000008006cd800 'jdk/internal/reflect/GeneratedMethodAccessor10'
Event: 7303.689 Thread 0x0000019cb514e200 Unloading class 0x00000008006cd400 'jdk/internal/reflect/GeneratedMethodAccessor9'
Event: 7303.689 Thread 0x0000019cb514e200 Unloading class 0x00000008006cd000 'jdk/internal/reflect/GeneratedMethodAccessor8'
Event: 7303.689 Thread 0x0000019cb514e200 Unloading class 0x00000008006ccc00 'jdk/internal/reflect/GeneratedMethodAccessor7'
Event: 7303.689 Thread 0x0000019cb514e200 Unloading class 0x00000008006cc800 'jdk/internal/reflect/GeneratedMethodAccessor6'
Event: 7303.689 Thread 0x0000019cb514e200 Unloading class 0x00000008006cc400 'jdk/internal/reflect/GeneratedMethodAccessor5'
Event: 7303.689 Thread 0x0000019cb514e200 Unloading class 0x00000008006cc000 'jdk/internal/reflect/GeneratedMethodAccessor4'
Event: 7328.243 Thread 0x0000019cb514e200 Unloading class 0x00000008006aa000 'org/apache/catalina/loader/JdbcLeakPrevention'

Classes redefined (0 events):
No events

Internal exceptions (20 events):
Event: 7595.265 Thread 0x0000019cb9830810 Exception <a 'java/lang/reflect/InvocationTargetException'{0x0000000707fbc4e0}> (0x0000000707fbc4e0) 
thrown [s\src\hotspot\share\runtime\reflection.cpp, line 1121]
Event: 7595.266 Thread 0x0000019cb9830810 Implicit null exception at 0x0000019ca1733020 to 0x0000019ca1738af4
Event: 7595.793 Thread 0x0000019cb982e660 Exception <a 'java/lang/reflect/InvocationTargetException'{0x00000007089f7630}> (0x00000007089f7630) 
thrown [s\src\hotspot\share\runtime\reflection.cpp, line 1121]
Event: 7596.478 Thread 0x0000019cb6699450 Exception <a 'java/lang/reflect/InvocationTargetException'{0x0000000707a1b958}> (0x0000000707a1b958) 
thrown [s\src\hotspot\share\runtime\reflection.cpp, line 1121]
Event: 7597.628 Thread 0x0000019cb982e660 Exception <a 'java/lang/reflect/InvocationTargetException'{0x0000000707b237a8}> (0x0000000707b237a8) 
thrown [s\src\hotspot\share\runtime\reflection.cpp, line 1121]
Event: 7601.506 Thread 0x0000019cb9831680 Exception <a 'java/lang/reflect/InvocationTargetException'{0x00000007079c01e8}> (0x00000007079c01e8) 
thrown [s\src\hotspot\share\runtime\reflection.cpp, line 1121]
Event: 7601.727 Thread 0x0000019cb982d320 Exception <a 'java/lang/reflect/InvocationTargetException'{0x0000000707681940}> (0x0000000707681940) 
thrown [s\src\hotspot\share\runtime\reflection.cpp, line 1121]
Event: 7603.679 Thread 0x0000019cb982e660 Exception <a 'java/lang/reflect/InvocationTargetException'{0x00000007074688c8}> (0x00000007074688c8) 
thrown [s\src\hotspot\share\runtime\reflection.cpp, line 1121]
Event: 7605.737 Thread 0x0000019cb982c980 Exception <a 'java/lang/reflect/InvocationTargetException'{0x000000070753f7a8}> (0x000000070753f7a8) 
thrown [s\src\hotspot\share\runtime\reflection.cpp, line 1121]
Event: 7608.009 Thread 0x0000019cb982e660 Exception <a 'java/lang/reflect/InvocationTargetException'{0x000000070730dd90}> (0x000000070730dd90) 
thrown [s\src\hotspot\share\runtime\reflection.cpp, line 1121]
Event: 7609.681 Thread 0x0000019cb982c980 Implicit null exception at 0x0000019ca190c340 to 0x0000019ca190c3bc
Event: 7612.235 Thread 0x0000019cb982f9a0 Exception <a 'java/lang/reflect/InvocationTargetException'{0x0000000708986910}> (0x0000000708986910) 
thrown [s\src\hotspot\share\runtime\reflection.cpp, line 1121]
Event: 7612.474 Thread 0x0000019cb982c980 Exception <a 'java/lang/reflect/InvocationTargetException'{0x00000007089e5fe8}> (0x00000007089e5fe8) 
thrown [s\src\hotspot\share\runtime\reflection.cpp, line 1121]
Event: 7612.928 Thread 0x0000019cb982f000 Exception <a 'java/lang/reflect/InvocationTargetException'{0x00000007087abc18}> (0x00000007087abc18) 
thrown [s\src\hotspot\share\runtime\reflection.cpp, line 1121]
Event: 7612.933 Thread 0x0000019cb982f000 Exception <a 'java/lang/reflect/InvocationTargetException'{0x00000007087b5b28}> (0x00000007087b5b28) 
thrown [s\src\hotspot\share\runtime\reflection.cpp, line 1121]
Event: 7614.884 Thread 0x0000019cb982e660 Exception <a 'java/lang/reflect/InvocationTargetException'{0x00000007082b62a0}> (0x00000007082b62a0) 
thrown [s\src\hotspot\share\runtime\reflection.cpp, line 1121]
Event: 7615.346 Thread 0x0000019cb982f000 Exception <a 'java/lang/reflect/InvocationTargetException'{0x00000007083bf7a8}> (0x00000007083bf7a8) 
thrown [s\src\hotspot\share\runtime\reflection.cpp, line 1121]
Event: 7622.242 Thread 0x0000019cb982d7f0 Exception <a 'java/lang/reflect/InvocationTargetException'{0x0000000707bdc328}> (0x0000000707bdc328) 
thrown [s\src\hotspot\share\runtime\reflection.cpp, line 1121]
Event: 7623.105 Thread 0x0000019cb982e660 Exception <a 'java/lang/reflect/InvocationTargetException'{0x00000007079110c0}> (0x00000007079110c0) 
thrown [s\src\hotspot\share\runtime\reflection.cpp, line 1121]
Event: 7623.559 Thread 0x0000019cb982d320 Exception <a 'java/lang/reflect/InvocationTargetException'{0x00000007079ed770}> (0x00000007079ed770) 
thrown [s\src\hotspot\share\runtime\reflection.cpp, line 1121]

VM Operations (20 events):
Event: 7696.633 Executing VM operation: Cleanup
Event: 7696.634 Executing VM operation: Cleanup done
Event: 7705.697 Executing VM operation: Cleanup
Event: 7705.697 Executing VM operation: Cleanup done
Event: 7708.725 Executing VM operation: Cleanup
Event: 7708.725 Executing VM operation: Cleanup done
Event: 7710.743 Executing VM operation: Cleanup
Event: 7710.744 Executing VM operation: Cleanup done
Event: 7711.748 Executing VM operation: Cleanup
Event: 7711.748 Executing VM operation: Cleanup done
Event: 7712.454 Executing VM operation: G1CollectForAllocation
Event: 7712.459 Executing VM operation: G1CollectForAllocation done
Event: 7716.483 Executing VM operation: Cleanup
Event: 7716.484 Executing VM operation: Cleanup done
Event: 7720.518 Executing VM operation: Cleanup
Event: 7720.518 Executing VM operation: Cleanup done
Event: 7727.578 Executing VM operation: Cleanup
Event: 7727.578 Executing VM operation: Cleanup done
Event: 7728.587 Executing VM operation: Cleanup
Event: 7728.587 Executing VM operation: Cleanup done

Events (20 events):
Event: 7723.694 loading class jdk/internal/reflect/GeneratedMethodAccessor30
Event: 7723.694 loading class jdk/internal/reflect/GeneratedMethodAccessor30 done
Event: 7723.696 loading class jdk/internal/reflect/GeneratedMethodAccessor30
Event: 7723.696 loading class jdk/internal/reflect/GeneratedMethodAccessor30 done
Event: 7725.964 loading class jdk/internal/reflect/GeneratedMethodAccessor30
Event: 7725.964 loading class jdk/internal/reflect/GeneratedMethodAccessor30 done
Event: 7725.966 loading class jdk/internal/reflect/GeneratedMethodAccessor30
Event: 7725.966 loading class jdk/internal/reflect/GeneratedMethodAccessor30 done
Event: 7726.220 loading class jdk/internal/reflect/GeneratedMethodAccessor30
Event: 7726.220 loading class jdk/internal/reflect/GeneratedMethodAccessor30 done
Event: 7726.222 loading class jdk/internal/reflect/GeneratedMethodAccessor30
Event: 7726.222 loading class jdk/internal/reflect/GeneratedMethodAccessor30 done
Event: 7727.799 loading class jdk/internal/reflect/GeneratedMethodAccessor30
Event: 7727.799 loading class jdk/internal/reflect/GeneratedMethodAccessor30 done
Event: 7727.801 loading class jdk/internal/reflect/GeneratedMethodAccessor30
Event: 7727.801 loading class jdk/internal/reflect/GeneratedMethodAccessor30 done
Event: 7727.966 loading class jdk/internal/reflect/GeneratedMethodAccessor30
Event: 7727.966 loading class jdk/internal/reflect/GeneratedMethodAccessor30 done
Event: 7727.968 loading class jdk/internal/reflect/GeneratedMethodAccessor30
Event: 7727.968 loading class jdk/internal/reflect/GeneratedMethodAccessor30 done


Dynamic libraries:
0x00007ff7ee250000 - 0x00007ff7ee25e000 	C:\Users\sruja\.p2\pool\plugins\org.eclipse.justj.openjdk.hotspot.jre.full.win32.x86_64_17.0.6.v20230204-1729\jre\bin\javaw.exe
0x00007ff95b050000 - 0x00007ff95b264000 	C:\WINDOWS\SYSTEM32\ntdll.dll
0x00007ff959130000 - 0x00007ff9591f2000 	C:\WINDOWS\System32\KERNEL32.DLL
0x00007ff9587f0000 - 0x00007ff958b93000 	C:\WINDOWS\System32\KERNELBASE.dll
0x00007ff958ba0000 - 0x00007ff958cb1000 	C:\WINDOWS\System32\ucrtbase.dll
0x00007ff93e770000 - 0x00007ff93e789000 	C:\Users\sruja\.p2\pool\plugins\org.eclipse.justj.openjdk.hotspot.jre.full.win32.x86_64_17.0.6.v20230204-1729\jre\bin\VCRUNTIME140.dll
0x00007ff93e750000 - 0x00007ff93e767000 	C:\Users\sruja\.p2\pool\plugins\org.eclipse.justj.openjdk.hotspot.jre.full.win32.x86_64_17.0.6.v20230204-1729\jre\bin\jli.dll
0x00007ff959fb0000 - 0x00007ff95a15a000 	C:\WINDOWS\System32\USER32.dll
0x00007ff958e00000 - 0x00007ff958e26000 	C:\WINDOWS\System32\win32u.dll
0x00007ff923f20000 - 0x00007ff9241ae000 	C:\WINDOWS\WinSxS\amd64_microsoft.windows.common-controls_6595b64144ccf1df_6.0.22621.1635_none_270f70857386168e\COMCTL32.dll
0x00007ff9593b0000 - 0x00007ff9593d9000 	C:\WINDOWS\System32\GDI32.dll
0x00007ff9585c0000 - 0x00007ff9586d9000 	C:\WINDOWS\System32\gdi32full.dll
0x00007ff9593e0000 - 0x00007ff959487000 	C:\WINDOWS\System32\msvcrt.dll
0x00007ff958750000 - 0x00007ff9587ea000 	C:\WINDOWS\System32\msvcp_win.dll
0x00007ff958e30000 - 0x00007ff958e61000 	C:\WINDOWS\System32\IMM32.DLL
0x00007ff93e740000 - 0x00007ff93e74c000 	C:\Users\sruja\.p2\pool\plugins\org.eclipse.justj.openjdk.hotspot.jre.full.win32.x86_64_17.0.6.v20230204-1729\jre\bin\vcruntime140_1.dll
0x00007ff93d8a0000 - 0x00007ff93d931000 	C:\Users\sruja\.p2\pool\plugins\org.eclipse.justj.openjdk.hotspot.jre.full.win32.x86_64_17.0.6.v20230204-1729\jre\bin\msvcp140.dll
0x00007ff8e8680000 - 0x00007ff8e92c7000 	C:\Users\sruja\.p2\pool\plugins\org.eclipse.justj.openjdk.hotspot.jre.full.win32.x86_64_17.0.6.v20230204-1729\jre\bin\server\jvm.dll
0x00007ff95a960000 - 0x00007ff95aa0e000 	C:\WINDOWS\System32\ADVAPI32.dll
0x00007ff95af60000 - 0x00007ff95b004000 	C:\WINDOWS\System32\sechost.dll
0x00007ff959280000 - 0x00007ff959397000 	C:\WINDOWS\System32\RPCRT4.dll
0x00007ff928100000 - 0x00007ff928109000 	C:\WINDOWS\SYSTEM32\WSOCK32.dll
0x00007ff95a7f0000 - 0x00007ff95a861000 	C:\WINDOWS\System32\WS2_32.dll
0x00007ff94c6f0000 - 0x00007ff94c6fa000 	C:\WINDOWS\SYSTEM32\VERSION.dll
0x00007ff94d530000 - 0x00007ff94d564000 	C:\WINDOWS\SYSTEM32\WINMM.dll
0x00007ff957540000 - 0x00007ff957558000 	C:\WINDOWS\SYSTEM32\kernel.appcore.dll
0x00007ff91cbc0000 - 0x00007ff91cbca000 	C:\Users\sruja\.p2\pool\plugins\org.eclipse.justj.openjdk.hotspot.jre.full.win32.x86_64_17.0.6.v20230204-1729\jre\bin\jimage.dll
0x00007ff952510000 - 0x00007ff95273e000 	C:\WINDOWS\SYSTEM32\DBGHELP.DLL
0x00007ff95abd0000 - 0x00007ff95af59000 	C:\WINDOWS\System32\combase.dll
0x00007ff959dd0000 - 0x00007ff959ea7000 	C:\WINDOWS\System32\OLEAUT32.dll
0x00007ff941850000 - 0x00007ff941882000 	C:\WINDOWS\SYSTEM32\dbgcore.DLL
0x00007ff958d80000 - 0x00007ff958dfa000 	C:\WINDOWS\System32\bcryptPrimitives.dll
0x00007ff90edd0000 - 0x00007ff90edf5000 	C:\Users\sruja\.p2\pool\plugins\org.eclipse.justj.openjdk.hotspot.jre.full.win32.x86_64_17.0.6.v20230204-1729\jre\bin\java.dll
0x00007ff90edb0000 - 0x00007ff90edc8000 	C:\Users\sruja\.p2\pool\plugins\org.eclipse.justj.openjdk.hotspot.jre.full.win32.x86_64_17.0.6.v20230204-1729\jre\bin\zip.dll
0x00007ff959490000 - 0x00007ff959c89000 	C:\WINDOWS\System32\SHELL32.dll
0x00007ff956400000 - 0x00007ff956cce000 	C:\WINDOWS\SYSTEM32\windows.storage.dll
0x00007ff9562c0000 - 0x00007ff9563fe000 	C:\WINDOWS\SYSTEM32\wintypes.dll
0x00007ff95a1c0000 - 0x00007ff95a2b1000 	C:\WINDOWS\System32\SHCORE.dll
0x00007ff95a870000 - 0x00007ff95a8ce000 	C:\WINDOWS\System32\shlwapi.dll
0x00007ff958380000 - 0x00007ff9583a6000 	C:\WINDOWS\SYSTEM32\profapi.dll
0x00007ff907f30000 - 0x00007ff907f49000 	C:\Users\sruja\.p2\pool\plugins\org.eclipse.justj.openjdk.hotspot.jre.full.win32.x86_64_17.0.6.v20230204-1729\jre\bin\net.dll
0x00007ff94e720000 - 0x00007ff94e857000 	C:\WINDOWS\SYSTEM32\WINHTTP.dll
0x00007ff9579e0000 - 0x00007ff957a49000 	C:\WINDOWS\system32\mswsock.dll
0x00007ff907f10000 - 0x00007ff907f25000 	C:\Users\sruja\.p2\pool\plugins\org.eclipse.justj.openjdk.hotspot.jre.full.win32.x86_64_17.0.6.v20230204-1729\jre\bin\nio.dll
0x00007ff93e730000 - 0x00007ff93e739000 	C:\Users\sruja\.p2\pool\plugins\org.eclipse.justj.openjdk.hotspot.jre.full.win32.x86_64_17.0.6.v20230204-1729\jre\bin\management.dll
0x00007ff93e720000 - 0x00007ff93e72b000 	C:\Users\sruja\.p2\pool\plugins\org.eclipse.justj.openjdk.hotspot.jre.full.win32.x86_64_17.0.6.v20230204-1729\jre\bin\management_ext.dll
0x00007ff95a2e0000 - 0x00007ff95a2e8000 	C:\WINDOWS\System32\PSAPI.DLL
0x00007ff957c60000 - 0x00007ff957c7b000 	C:\WINDOWS\SYSTEM32\CRYPTSP.dll
0x00007ff9574b0000 - 0x00007ff9574e5000 	C:\WINDOWS\system32\rsaenh.dll
0x00007ff957ae0000 - 0x00007ff957b0c000 	C:\WINDOWS\SYSTEM32\USERENV.dll
0x00007ff957e00000 - 0x00007ff957e28000 	C:\WINDOWS\SYSTEM32\bcrypt.dll
0x00007ff957c80000 - 0x00007ff957c8c000 	C:\WINDOWS\SYSTEM32\CRYPTBASE.dll
0x00007ff956fa0000 - 0x00007ff956fcd000 	C:\WINDOWS\SYSTEM32\IPHLPAPI.DLL
0x00007ff959dc0000 - 0x00007ff959dc9000 	C:\WINDOWS\System32\NSI.dll
0x00007ff94d4b0000 - 0x00007ff94d4c9000 	C:\WINDOWS\SYSTEM32\dhcpcsvc6.DLL
0x00007ff94c700000 - 0x00007ff94c71f000 	C:\WINDOWS\SYSTEM32\dhcpcsvc.DLL
0x00007ff957010000 - 0x00007ff957103000 	C:\WINDOWS\SYSTEM32\DNSAPI.dll
0x00007ff93e420000 - 0x00007ff93e42e000 	C:\Users\sruja\.p2\pool\plugins\org.eclipse.justj.openjdk.hotspot.jre.full.win32.x86_64_17.0.6.v20230204-1729\jre\bin\sunmscapi.dll
0x00007ff958450000 - 0x00007ff9585b7000 	C:\WINDOWS\System32\CRYPT32.dll
0x00007ff957dd0000 - 0x00007ff957dfe000 	C:\WINDOWS\SYSTEM32\ncrypt.dll
0x00007ff957d90000 - 0x00007ff957dc7000 	C:\WINDOWS\SYSTEM32\NTASN1.dll
0x00007ff949390000 - 0x00007ff94939a000 	C:\Windows\System32\rasadhlp.dll
0x00007ff9499d0000 - 0x00007ff949a54000 	C:\WINDOWS\System32\fwpuclnt.dll
0x00007ff8db410000 - 0x00007ff8db418000 	C:\WINDOWS\system32\wshunix.dll
0x00007ff8e6120000 - 0x00007ff8e6130000 	C:\Users\sruja\.p2\pool\plugins\org.eclipse.justj.openjdk.hotspot.jre.full.win32.x86_64_17.0.6.v20230204-1729\jre\bin\verify.dll
0x00007ff92ecb0000 - 0x00007ff92ecc7000 	C:\WINDOWS\system32\napinsp.dll
0x00007ff92eae0000 - 0x00007ff92eafb000 	C:\WINDOWS\system32\pnrpnsp.dll
0x00007ff92eac0000 - 0x00007ff92ead1000 	C:\WINDOWS\System32\winrnr.dll
0x00007ff949830000 - 0x00007ff949845000 	C:\WINDOWS\system32\wshbth.dll
0x00007ff92ea90000 - 0x00007ff92eab1000 	C:\WINDOWS\system32\nlansp_c.dll

dbghelp: loaded successfully - version: 4.0.5 - missing functions: none
symbol engine: initialized successfully - sym options: 0x614 - pdb path: .;C:\Users\sruja\.p2\pool\plugins\org.eclipse.justj.openjdk.hotspot.jre.full.win32.x86_64_17.0.6.v20230204-1729\jre\bin;C:\WINDOWS\SYSTEM32;C:\WINDOWS\WinSxS\amd64_microsoft.windows.common-controls_6595b64144ccf1df_6.0.22621.1635_none_270f70857386168e;C:\Users\sruja\.p2\pool\plugins\org.eclipse.justj.openjdk.hotspot.jre.full.win32.x86_64_17.0.6.v20230204-1729\jre\bin\server

VM Arguments:
jvm_args: -Dfile.encoding=UTF-8 -XX:+ShowCodeDetailsInExceptionMessages 
java_command: com.movieBooking.user.MovieBookingApplication
java_class_path (initial): W:\Work\MovieBooking\MovieBooking Deploy\Backend\UserService\target\classes;C:\Users\sruja\.m2\repository\org\springframework\boot\spring-boot-starter-data-mongodb\3.1.0\spring-boot-starter-data-mongodb-3.1.0.jar;C:\Users\sruja\.m2\repository\org\springframework\boot\spring-boot-starter\3.1.0\spring-boot-starter-3.1.0.jar;C:\Users\sruja\.m2\repository\org\springframework\boot\spring-boot-starter-logging\3.1.0\spring-boot-starter-logging-3.1.0.jar;C:\Users\sruja\.m2\repository\ch\qos\logback\logback-classic\1.4.7\logback-classic-1.4.7.jar;C:\Users\sruja\.m2\repository\ch\qos\logback\logback-core\1.4.7\logback-core-1.4.7.jar;C:\Users\sruja\.m2\repository\org\apache\logging\log4j\log4j-to-slf4j\2.20.0\log4j-to-slf4j-2.20.0.jar;C:\Users\sruja\.m2\repository\org\apache\logging\log4j\log4j-api\2.20.0\log4j-api-2.20.0.jar;C:\Users\sruja\.m2\repository\org\slf4j\jul-to-slf4j\2.0.7\jul-to-slf4j-2.0.7.jar;C:\Users\sruja\.m2\repository\jakarta\annotation\jakarta.annotation-api\2.1.1\jakarta.annotation-api-2.1.1.jar;C:\Users\sruja\.m2\repository\org\yaml\snakeyaml\1.33\snakeyaml-1.33.jar;C:\Users\sruja\.m2\repository\org\mongodb\mongodb-driver-sync\4.9.1\mongodb-driver-sync-4.9.1.jar;C:\Users\sruja\.m2\repository\org\mongodb\bson\4.9.1\bson-4.9.1.jar;C:\Users\sruja\.m2\repository\org\mongodb\mongodb-driver-core\4.9.1\mongodb-driver-core-4.9.1.jar;C:\Users\sruja\.m2\repository\org\mongodb\bson-record-codec\4.9.1\bson-record-codec-4.9.1.jar;C:\Users\sruja\.m2\repository\org\springframework\data\spring-data-mongodb\4.1.0\spring-data-mongodb-4.1.0.jar;C:\Users\sruja\.m2\repository\org\springframework\spring-tx\6.0.9\spring-tx-6.0.9.jar;C:\Users\sruja\.m2\repository\org\springframework\spring-context\6.0.9\spring-context-6.0.9.jar;C:\Users\sruja\.m2\repository\org\springframework\spring-beans\6.0.9\spring-beans-6.0.9.jar;C:\Users\sruja\.m2\repository\org\springframework\spring-expression\6.0.9\spring-expression-6.0.9.jar;C:\Users\sruja\.m2\repository\org
Launcher Type: SUN_STANDARD

[Global flags]
     intx CICompilerCount                          = 4                                         {product} {ergonomic}
     uint ConcGCThreads                            = 3                                         {product} {ergonomic}
     uint G1ConcRefinementThreads                  = 10                                        {product} {ergonomic}
   size_t G1HeapRegionSize                         = 2097152                                   {product} {ergonomic}
    uintx GCDrainStackTargetSize                   = 64                                        {product} {ergonomic}
   size_t InitialHeapSize                          = 264241152                                 {product} {ergonomic}
   size_t MarkStackSize                            = 4194304                                   {product} {ergonomic}
   size_t MaxHeapSize                              = 4219469824                                {product} {ergonomic}
   size_t MaxNewSize                               = 2531262464                                {product} {ergonomic}
   size_t MinHeapDeltaBytes                        = 2097152                                   {product} {ergonomic}
   size_t MinHeapSize                              = 8388608                                   {product} {ergonomic}
    uintx NonNMethodCodeHeapSize                   = 5839372                                {pd product} {ergonomic}
    uintx NonProfiledCodeHeapSize                  = 122909434                              {pd product} {ergonomic}
    uintx ProfiledCodeHeapSize                     = 122909434                              {pd product} {ergonomic}
    uintx ReservedCodeCacheSize                    = 251658240                              {pd product} {ergonomic}
     bool SegmentedCodeCache                       = true                                      {product} {ergonomic}
     bool ShowCodeDetailsInExceptionMessages       = true                                   {manageable} {command line}
   size_t SoftMaxHeapSize                          = 4219469824                             {manageable} {ergonomic}
     bool UseCompressedClassPointers               = true                           {product lp64_product} {ergonomic}
     bool UseCompressedOops                        = true                           {product lp64_product} {ergonomic}
     bool UseG1GC                                  = true                                      {product} {ergonomic}
     bool UseLargePagesIndividualAllocation        = false                                  {pd product} {ergonomic}

Logging:
Log output configuration:
 #0: stdout all=warning uptime,level,tags
 #1: stderr all=off uptime,level,tags

Environment Variables:
JAVA_HOME=C:\Program Files\Amazon Corretto\jdk11.0.19_7
PATH=C:/Users/sruja/.p2/pool/plugins/org.eclipse.justj.openjdk.hotspot.jre.full.win32.x86_64_17.0.6.v20230204-1729/jre/bin/server;C:/Users/sruja/.p2/pool/plugins/org.eclipse.justj.openjdk.hotspot.jre.full.win32.x86_64_17.0.6.v20230204-1729/jre/bin;C:\Program Files\Amazon Corretto\jdk11.0.19_7\bin;C:\WINDOWS\system32;C:\WINDOWS;C:\WINDOWS\System32\Wbem;C:\WINDOWS\System32\WindowsPowerShell\v1.0\;C:\WINDOWS\System32\OpenSSH\;C:\Program Files\nodejs\;W:\DEV FILES\Git\cmd;C:\Program Files\NVIDIA Corporation\NVIDIA NvDLISR;C:\Program Files (x86)\NVIDIA Corporation\PhysX\Common;C:\Program Files\Docker\Docker\resources\bin;C:\Users\sruja\AppData\Local\Microsoft\WindowsApps;C:\Users\sruja\AppData\Roaming\npm;W:\DEV FILES\Microsoft VS Code\bin;C:\kafka_2.13-3.5.0\bin\windows;;C:\WINDOWS\system32;
USERNAME=sruja
OS=Windows_NT
PROCESSOR_IDENTIFIER=Intel64 Family 6 Model 158 Stepping 10, GenuineIntel
TMP=C:\Users\sruja\AppData\Local\Temp
TEMP=C:\Users\sruja\AppData\Local\Temp



---------------  S Y S T E M  ---------------

OS:
 Windows 11 , 64 bit Build 22621 (10.0.22621.1928)
OS uptime: 0 days 2:12 hours
Hyper-V role detected

CPU: total 12 (initial active 12) (6 cores per cpu, 2 threads per core) family 6 model 158 stepping 10 microcode 0xec, cx8, cmov, fxsr, ht, mmx, 3dnowpref, sse, sse2, sse3, ssse3, sse4.1, sse4.2, popcnt, lzcnt, tsc, tscinvbit, avx, avx2, aes, erms, clmul, bmi1, bmi2, adx, fma, vzeroupper, clflush, clflushopt, hv

Memory: 4k page, system-wide physical 16089M (304M free)
TotalPageFile size 33782M (AvailPageFile size 0M)
current process WorkingSet (physical memory assigned to process): 214M, peak: 285M
current process commit charge ("private bytes"): 306M, peak: 385M

vm_info: OpenJDK 64-Bit Server VM (17.0.6+10) for windows-amd64 JRE (17.0.6+10), built on Jan 18 2023 10:08:59 by "temurin" with MS VC++ 16.7 (VS2019)

END.
